mac              84035   2.7  8.7  7291252 1466912   ??  S     8:32PM  12:28.50 /Applications/Gogland 1.0 EAP.app/Contents/MacOS/gogland
mac              82837   2.1  2.3  3844088 390948   ??  S     7:37PM   1:27.42 /Applications/QQ.app/Contents/MacOS/QQ
mac              82766   1.6  1.5  3781308 243992   ??  S     7:32PM   1:28.10 /Applications/钉钉.app/Contents/Versions/50.0.2661.102/nwjs Helper.app/Contents/MacOS/nwjs Helper --type=renderer --no-sandbox --enable-features=use-new-media-cache<use-new-media-cache --lang=zh-CN --force-fieldtrials=AutofillClassifier/Enabled/AutofillFieldMetadata/Enabled/AutofillProfileOrderByFrecency/EnabledLimitTo3/AutomaticTabDiscarding/Enabled_Once_5/CaptivePortalInterstitial/Enabled/ChromeDashboard/Enabled/ChromotingQUIC/Enabled/*DataReductionProxyConfigService/Enabled/EnableGoogleCachedCopyTextExperiment/Button/*ExtensionActionRedesign/Enabled/ExtensionDeveloperModeWarning/Enabled/ExtensionInstallVerification/Enforce/InstanceID/Enabled/IntelligentSessionRestore/Enabled/*LocalNTPSuggestionsService/Enabled/*MacMemoryMechanism/Mach/MaterialDesignDownloads/Enabled/*PageRevisitInstrumentation/Enabled/PasswordBranding/SmartLockBrandingSavePromptOnly/*QUIC/Enabled/RefreshTokenDeviceId/Enabled/RenderingPipelineThrottling/Enabled/ReportCertificateErrors/ShowAndPossiblySend/SafeBrowsingReportPhishingErrorLink/Enabled/SafeBrowsingUnverifiedDownloads/DisableByParameterMostSbTypes2/SafeBrowsingUpdateFrequency/UpdateTime15m/SchedulerExpensiveTaskBlocking/Enabled/SdchPersistence/Enabled/SpdyEnableDependencies/Enable/StrictSecureCookies/Enabled/SyncHttpContentCompression/Enabled/TabSyncByRecency/Enabled/VarationsServiceControl/Interval_30min/WebFontsIntervention/Enabled/WebRTC-LocalIPPermissionCheck/Enabled/WebRTC-PeerConnectionDTLS1.2/Enabled/use-new-media-cache/Enabled/ --user-data-dir=/Users/mac/Library/Application Support/DingTalk --nwjs --extension-process --enable-webrtc-hw-h264-encoding --disable-client-side-phishing-detection --enable-offline-auto-reload --enable-offline-auto-reload-visible-only --enable-pinch --num-raster-threads=4 --enable-zero-copy --enable-gpu-memory-buffer-compositor-resources --content-image-texture-target=3553,3553,3553,3553,3553,34037,3553,3553,3553,3553,34037,3553,34037,34037 --video-image-texture-target=3553,3553,3553,3553,3553,34037,3553,3553,3553,3553,34037,3553,34037,34037 --channel=82762.1.659140327
mac              81197   1.2  0.5  2899828  89868   ??  S     5:43PM   0:56.98 /System/Library/CoreServices/SystemUIServer.app/Contents/MacOS/SystemUIServer
mac              86033   0.2  1.0  3503428 161816   ??  S     8:37PM   0:23.90 /Applications/Google Chrome.app/Contents/MacOS/Google Chrome
mac              86078   0.2  0.7  3698160 110156   ??  S     8:39PM   0:07.96 /Applications/Google Chrome.app/Contents/Versions/59.0.3071.115/Google Chrome Helper.app/Contents/MacOS/Google Chrome Helper --type=renderer --field-trial-handle=1 --primordial-pipe-token=D43AFE213334B9D42B95DFA7A15A89D9 --lang=zh-CN --metrics-client-id=1eae93aa-348a-4618-8aba-5a2ec44c1e3d --enable-offline-auto-reload --enable-offline-auto-reload-visible-only --blink-settings=disallowFetchForDocWrittenScriptsInMainFrame=false,disallowFetchForDocWrittenScriptsInMainFrameOnSlowConnections=false --enable-pinch --num-raster-threads=4 --enable-zero-copy --enable-gpu-memory-buffer-compositor-resources --enable-main-frame-before-activation --content-image-texture-target=0,0,3553;0,1,3553;0,2,3553;0,3,3553;0,4,3553;0,5,3553;0,6,3553;0,7,3553;0,8,3553;0,9,3553;0,10,34037;0,11,34037;0,12,34037;0,13,3553;0,14,3553;0,15,3553;0,16,3553;1,0,3553;1,1,3553;1,2,3553;1,3,3553;1,4,3553;1,5,3553;1,6,3553;1,7,3553;1,8,3553;1,9,3553;1,10,34037;1,11,34037;1,12,34037;1,13,3553;1,14,3553;1,15,3553;1,16,3553;2,0,3553;2,1,3553;2,2,3553;2,3,3553;2,4,3553;2,5,3553;2,6,3553;2,7,3553;2,8,3553;2,9,3553;2,10,34037;2,11,34037;2,12,34037;2,13,3553;2,14,3553;2,15,3553;2,16,3553;3,0,3553;3,1,3553;3,2,3553;3,3,3553;3,4,3553;3,5,34037;3,6,3553;3,7,3553;3,8,3553;3,9,3553;3,10,3553;3,11,3553;3,12,34037;3,13,34037;3,14,3553;3,15,34037;3,16,34037;4,0,3553;4,1,3553;4,2,3553;4,3,3553;4,4,3553;4,5,34037;4,6,3553;4,7,3553;4,8,3553;4,9,3553;4,10,3553;4,11,3553;4,12,34037;4,13,34037;4,14,3553;4,15,34037;4,16,34037 --service-request-channel-token=D43AFE213334B9D42B95DFA7A15A89D9 --renderer-client-id=12
mac              86266   0.0  0.1  3619688  17116   ??  Ss    8:47PM   0:00.07 /System/Library/Frameworks/WebKit.framework/Versions/A/XPCServices/com.apple.WebKit.Networking.xpc/Contents/MacOS/com.apple.WebKit.Networking
mac              86265   0.0  0.3  3764932  42260   ??  Ss    8:47PM   0:00.28 /System/Library/Frameworks/WebKit.framework/Versions/A/XPCServices/com.apple.WebKit.WebContent.xpc/Contents/MacOS/com.apple.WebKit.WebContent
mac              86264   0.0  0.1  3620212  17168   ??  Ss    8:47PM   0:00.08 /System/Library/Frameworks/WebKit.framework/Versions/A/XPCServices/com.apple.WebKit.Networking.xpc/Contents/MacOS/com.apple.WebKit.Networking
mac              86262   0.0  1.5  4299136 245444   ??  S     8:47PM   0:07.54 /Applications/iBooks.app/Contents/MacOS/iBooks -psn_0_11061900
mac              86260   0.0  0.1  2563952  20004   ??  Ss    8:47PM   0:00.13 /System/Library/Frameworks/QuickLook.framework/Versions/A/Resources/quicklookd.app/Contents/XPCServices/QuickLookSatellite.xpc/Contents/MacOS/QuickLookSatellite
mac              86258   0.0  0.0  2502568   6460   ??  Ss    8:47PM   0:00.04 /System/Library/Frameworks/QuickLook.framework/Versions/A/Resources/quicklookd.app/Contents/XPCServices/QuickLookSatellite.xpc/Contents/MacOS/QuickLookSatellite
mac              86255   0.0  0.0  2511784   6540   ??  Ss    8:47PM   0:00.03 /System/Library/Frameworks/QuickLook.framework/Versions/A/Resources/quicklookd.app/Contents/XPCServices/QuickLookSatellite.xpc/Contents/MacOS/QuickLookSatellite
mac              86138   0.0  0.1  3079292  16512   ??  S     8:41PM   0:00.18 /System/Library/Frameworks/QuickLook.framework/Resources/quicklookd.app/Contents/MacOS/quicklookd
mac              86053   0.0  0.3  3336488  43300   ??  S     8:37PM   0:00.25 /Applications/Google Chrome.app/Contents/Versions/59.0.3071.115/Google Chrome Helper.app/Contents/MacOS/Google Chrome Helper --type=renderer --field-trial-handle=1 --primordial-pipe-token=07040606E1B5FA746D56FC9233CA6BE1 --lang=zh-CN --metrics-client-id=1eae93aa-348a-4618-8aba-5a2ec44c1e3d --extension-process --enable-offline-auto-reload --enable-offline-auto-reload-visible-only --blink-settings=disallowFetchForDocWrittenScriptsInMainFrame=false,disallowFetchForDocWrittenScriptsInMainFrameOnSlowConnections=false --enable-pinch --num-raster-threads=4 --enable-zero-copy --enable-gpu-memory-buffer-compositor-resources --enable-main-frame-before-activation --content-image-texture-target=0,0,3553;0,1,3553;0,2,3553;0,3,3553;0,4,3553;0,5,3553;0,6,3553;0,7,3553;0,8,3553;0,9,3553;0,10,34037;0,11,34037;0,12,34037;0,13,3553;0,14,3553;0,15,3553;0,16,3553;1,0,3553;1,1,3553;1,2,3553;1,3,3553;1,4,3553;1,5,3553;1,6,3553;1,7,3553;1,8,3553;1,9,3553;1,10,34037;1,11,34037;1,12,34037;1,13,3553;1,14,3553;1,15,3553;1,16,3553;2,0,3553;2,1,3553;2,2,3553;2,3,3553;2,4,3553;2,5,3553;2,6,3553;2,7,3553;2,8,3553;2,9,3553;2,10,34037;2,11,34037;2,12,34037;2,13,3553;2,14,3553;2,15,3553;2,16,3553;3,0,3553;3,1,3553;3,2,3553;3,3,3553;3,4,3553;3,5,34037;3,6,3553;3,7,3553;3,8,3553;3,9,3553;3,10,3553;3,11,3553;3,12,34037;3,13,34037;3,14,3553;3,15,34037;3,16,34037;4,0,3553;4,1,3553;4,2,3553;4,3,3553;4,4,3553;4,5,34037;4,6,3553;4,7,3553;4,8,3553;4,9,3553;4,10,3553;4,11,3553;4,12,34037;4,13,34037;4,14,3553;4,15,34037;4,16,34037 --service-request-channel-token=07040606E1B5FA746D56FC9233CA6BE1 --renderer-client-id=6
mac              86052   0.0  0.3  3339560  46024   ??  S     8:37PM   0:00.31 /Applications/Google Chrome.app/Contents/Versions/59.0.3071.115/Google Chrome Helper.app/Contents/MacOS/Google Chrome Helper --type=renderer --field-trial-handle=1 --primordial-pipe-token=BBDD67AF066FEC9BB5C739B107D3F602 --lang=zh-CN --metrics-client-id=1eae93aa-348a-4618-8aba-5a2ec44c1e3d --extension-process --enable-offline-auto-reload --enable-offline-auto-reload-visible-only --blink-settings=disallowFetchForDocWrittenScriptsInMainFrame=false,disallowFetchForDocWrittenScriptsInMainFrameOnSlowConnections=false --enable-pinch --num-raster-threads=4 --enable-zero-copy --enable-gpu-memory-buffer-compositor-resources --enable-main-frame-before-activation --content-image-texture-target=0,0,3553;0,1,3553;0,2,3553;0,3,3553;0,4,3553;0,5,3553;0,6,3553;0,7,3553;0,8,3553;0,9,3553;0,10,34037;0,11,34037;0,12,34037;0,13,3553;0,14,3553;0,15,3553;0,16,3553;1,0,3553;1,1,3553;1,2,3553;1,3,3553;1,4,3553;1,5,3553;1,6,3553;1,7,3553;1,8,3553;1,9,3553;1,10,34037;1,11,34037;1,12,34037;1,13,3553;1,14,3553;1,15,3553;1,16,3553;2,0,3553;2,1,3553;2,2,3553;2,3,3553;2,4,3553;2,5,3553;2,6,3553;2,7,3553;2,8,3553;2,9,3553;2,10,34037;2,11,34037;2,12,34037;2,13,3553;2,14,3553;2,15,3553;2,16,3553;3,0,3553;3,1,3553;3,2,3553;3,3,3553;3,4,3553;3,5,34037;3,6,3553;3,7,3553;3,8,3553;3,9,3553;3,10,3553;3,11,3553;3,12,34037;3,13,34037;3,14,3553;3,15,34037;3,16,34037;4,0,3553;4,1,3553;4,2,3553;4,3,3553;4,4,3553;4,5,34037;4,6,3553;4,7,3553;4,8,3553;4,9,3553;4,10,3553;4,11,3553;4,12,34037;4,13,34037;4,14,3553;4,15,34037;4,16,34037 --service-request-channel-token=BBDD67AF066FEC9BB5C739B107D3F602 --renderer-client-id=5
mac              86050   0.0  0.3  3348048  52904   ??  S     8:37PM   0:00.35 /Applications/Google Chrome.app/Contents/Versions/59.0.3071.115/Google Chrome Helper.app/Contents/MacOS/Google Chrome Helper --type=renderer --field-trial-handle=1 --primordial-pipe-token=E09637E4C47B7E7D3577646513F2F61D --lang=zh-CN --metrics-client-id=1eae93aa-348a-4618-8aba-5a2ec44c1e3d --extension-process --enable-offline-auto-reload --enable-offline-auto-reload-visible-only --blink-settings=disallowFetchForDocWrittenScriptsInMainFrame=false,disallowFetchForDocWrittenScriptsInMainFrameOnSlowConnections=false --enable-pinch --num-raster-threads=4 --enable-zero-copy --enable-gpu-memory-buffer-compositor-resources --enable-main-frame-before-activation --content-image-texture-target=0,0,3553;0,1,3553;0,2,3553;0,3,3553;0,4,3553;0,5,3553;0,6,3553;0,7,3553;0,8,3553;0,9,3553;0,10,34037;0,11,34037;0,12,34037;0,13,3553;0,14,3553;0,15,3553;0,16,3553;1,0,3553;1,1,3553;1,2,3553;1,3,3553;1,4,3553;1,5,3553;1,6,3553;1,7,3553;1,8,3553;1,9,3553;1,10,34037;1,11,34037;1,12,34037;1,13,3553;1,14,3553;1,15,3553;1,16,3553;2,0,3553;2,1,3553;2,2,3553;2,3,3553;2,4,3553;2,5,3553;2,6,3553;2,7,3553;2,8,3553;2,9,3553;2,10,34037;2,11,34037;2,12,34037;2,13,3553;2,14,3553;2,15,3553;2,16,3553;3,0,3553;3,1,3553;3,2,3553;3,3,3553;3,4,3553;3,5,34037;3,6,3553;3,7,3553;3,8,3553;3,9,3553;3,10,3553;3,11,3553;3,12,34037;3,13,34037;3,14,3553;3,15,34037;3,16,34037;4,0,3553;4,1,3553;4,2,3553;4,3,3553;4,4,3553;4,5,34037;4,6,3553;4,7,3553;4,8,3553;4,9,3553;4,10,3553;4,11,3553;4,12,34037;4,13,34037;4,14,3553;4,15,34037;4,16,34037 --service-request-channel-token=E09637E4C47B7E7D3577646513F2F61D --renderer-client-id=4
mac              86045   0.0  0.1  2545364  19420   ??  Ss    8:37PM   0:00.09 /System/Library/Frameworks/Metal.framework/Versions/A/XPCServices/MTLCompilerService.xpc/Contents/MacOS/MTLCompilerService
mac              86042   0.0  0.0  2541268   4852   ??  Ss    8:37PM   0:00.02 /System/Library/Frameworks/VideoToolbox.framework/Versions/A/XPCServices/VTDecoderXPCService.xpc/Contents/MacOS/VTDecoderXPCService
mac              86040   0.0  0.0  2506872   2976   ??  Ss    8:37PM   0:00.01 /Applications/Google Chrome.app/Contents/Versions/59.0.3071.115/Google Chrome Framework.framework/Versions/A/XPCServices/AlertNotificationService.xpc/Contents/MacOS/AlertNotificationService
mac              86039   0.0  0.4  2982728  70296   ??  S     8:37PM   0:03.41 /Applications/Google Chrome.app/Contents/Versions/59.0.3071.115/Google Chrome Helper.app/Contents/MacOS/Google Chrome Helper --type=gpu-process --field-trial-handle=1 --metrics-client-id=1eae93aa-348a-4618-8aba-5a2ec44c1e3d --supports-dual-gpus=true --gpu-driver-bug-workarounds=1,10,24,27,49,65,67,68,76,78,86,87,91,94 --disable-gl-extensions=GL_KHR_blend_equation_advanced GL_KHR_blend_equation_advanced_coherent --gpu-vendor-id=0x1002 --gpu-device-id=0x6821 --gpu-driver-vendor --gpu-driver-version --gpu-driver-date --gpu-secondary-vendor-ids=0x8086 --gpu-secondary-device-ids=0x0d26 --gpu-active-vendor-id=0x1002 --gpu-active-device-id=0x6821 --metrics-client-id=1eae93aa-348a-4618-8aba-5a2ec44c1e3d --service-request-channel-token=89311E11041477A6E6781A65685A740B
mac              86036   0.0  0.0  2481432   2896   ??  S     8:37PM   0:00.01 /Applications/Google Chrome.app/Contents/Versions/59.0.3071.115/Google Chrome Framework.framework/Helpers/crashpad_handler --monitor-self-annotation=ptype=crashpad-handler --database=/Users/mac/Library/Application Support/Google/Chrome/Crashpad --metrics-dir=/Users/mac/Library/Application Support/Google/Chrome --url=https://clients2.google.com/cr/report --annotation=channel= --annotation=plat=OS X --annotation=prod=Chrome_Mac --annotation=ver=59.0.3071.115 --handshake-fd=8
mac              86019   0.0  0.0  2561204   7040   ??  Ss    8:37PM   0:00.04 /System/Library/PrivateFrameworks/XprotectFramework.framework/Versions/A/XPCServices/XprotectService.xpc/Contents/MacOS/XprotectService
mac              85993   0.0  0.1  2586024  11608   ??  S     8:36PM   0:00.18 /System/Library/CoreServices/CoreServicesUIAgent.app/Contents/MacOS/CoreServicesUIAgent
mac              84385   0.0  0.1  2509256  22144   ??  S     8:34PM   0:00.15 /System/Library/Frameworks/OpenGL.framework/Versions/A/Libraries/CVMCompiler 2
mac              84154   0.0  0.0  2482040   1740   ??  S     8:32PM   0:00.17 /Applications/Gogland 1.0 EAP.app/Contents/bin/fsnotifier
mac              84037   0.0  0.1  2518740  14624   ??  Ss    8:32PM   0:00.04 /System/Library/Frameworks/Metal.framework/Versions/A/XPCServices/MTLCompilerService.xpc/Contents/MacOS/MTLCompilerService
root             84036   0.0  0.0  2540136   4260   ??  Ss    8:32PM   0:00.04 /usr/sbin/ocspd
mac              83940   0.0  0.0  2519764   4584   ??  Ss    8:20PM   0:00.05 /Library/Frameworks/iTunesLibrary.framework/Versions/A/XPCServices/com.apple.iTunesLibraryService.xpc/Contents/MacOS/com.apple.iTunesLibraryService
mac              83938   0.0  0.0  2627312   6292   ??  Ss    8:20PM   0:00.09 /System/Library/PrivateFrameworks/AssistantServices.framework/Versions/A/XPCServices/media-indexer.xpc/Contents/MacOS/media-indexer
mac              83937   0.0  0.1  2548872   9464   ??  S     8:20PM   0:00.22 /System/Library/PrivateFrameworks/PassKitCore.framework/passd
mac              83753   0.0  0.0  2489092   3588   ??  S     8:01PM   0:00.02 /System/Library/PrivateFrameworks/CommunicationsFilter.framework/CMFSyncAgent.app/Contents/MacOS/CMFSyncAgent
mac              83751   0.0  0.0  2515276   4744   ??  S     8:01PM   0:00.02 /System/Library/PrivateFrameworks/CharacterPicker.framework/Versions/A/XPCServices/com.apple.CharacterPicker.FileService.xpc/Contents/MacOS/com.apple.CharacterPicker.FileService
mac              83732   0.0  0.2  2581960  33004   ??  S     8:00PM   0:02.05 /System/Library/Frameworks/CoreServices.framework/Frameworks/Metadata.framework/Versions/A/Support/mdworker -s mdworker -c MDSImporterWorker -m com.apple.mdworker.shared
mac              83126   0.0  0.2  2594828  37228   ??  S     7:52PM   0:00.74 /System/Library/Frameworks/CoreServices.framework/Frameworks/Metadata.framework/Versions/A/Support/mdworker -s mdworker -c MDSImporterWorker -m com.apple.mdworker.shared
mac              83125   0.0  0.3  2567556  47584   ??  S     7:52PM   0:00.86 /System/Library/Frameworks/CoreServices.framework/Frameworks/Metadata.framework/Versions/A/Support/mdworker -s mdworker -c MDSImporterWorker -m com.apple.mdworker.shared
mac              83124   0.0  0.3  2597816  48940   ??  S     7:52PM   0:00.61 /System/Library/Frameworks/CoreServices.framework/Frameworks/Metadata.framework/Versions/A/Support/mdworker -s mdworker -c MDSImporterWorker -m com.apple.mdworker.shared
root             83011   0.0  0.0  2481836   2612 s000  S     7:52PM   0:00.04 login -fp mac
mac              83010   0.0  0.0  2488316   5284 s000  Ss    7:52PM   0:00.02 /Applications/iTerm.app/Contents/MacOS/iTerm2 --server login -fp mac
mac              83008   0.0  0.1  2544340  14256   ??  Ss    7:52PM   0:00.05 /System/Library/Frameworks/Metal.framework/Versions/A/XPCServices/MTLCompilerService.xpc/Contents/MacOS/MTLCompilerService
mac              83006   0.0  0.4  2901424  67884   ??  S     7:52PM   0:05.19 /Applications/iTerm.app/Contents/MacOS/iTerm2
root             82945   0.0  0.0  2546432   5880   ??  Ss    7:45PM   0:00.05 /usr/libexec/dprivacyd
mac              82914   0.0  0.2  3935276  34148   ??  Ss    7:44PM   0:01.07 /System/Library/Frameworks/Foundation.framework/Versions/C/XPCServices/LookupViewService.xpc/Contents/MacOS/LookupViewService
mac              82913   0.0  0.0  2515640   4668   ??  S     7:44PM   0:00.42 /System/Library/PrivateFrameworks/ViewBridge.framework/Versions/A/XPCServices/ViewBridgeAuxiliary.xpc/Contents/MacOS/ViewBridgeAuxiliary
mac              82843   0.0  0.0  2532704   3932   ??  Ss    7:37PM   0:00.03 /System/Library/Frameworks/AudioToolbox.framework/XPCServices/com.apple.audio.ComponentHelper.xpc/Contents/MacOS/com.apple.audio.ComponentHelper
mac              82842   0.0  0.0  2482264   3016   ??  Ss    7:37PM   0:00.01 /System/Library/Frameworks/AudioToolbox.framework/XPCServices/com.apple.audio.SandboxHelper.xpc/Contents/MacOS/com.apple.audio.SandboxHelper
mac              82841   0.0  0.1  2576860  18592   ??  S     7:37PM   0:03.02 /Applications/QQ.app/Contents/Library/LoginItems/QQ jietu plugin.app/Contents/MacOS/QQ jietu plugin
mac              82787   0.0  0.1  2588412  15512   ??  S     7:33PM   0:00.73 /System/Library/PrivateFrameworks/CoreParsec.framework/parsecd
mac              82765   0.0  0.1  2833828  24904   ??  S     7:32PM   0:01.44 /Applications/钉钉.app/Contents/Versions/50.0.2661.102/nwjs Helper.app/Contents/MacOS/nwjs Helper --type=gpu-process --channel=82762.0.48800470 --no-sandbox --user-data-dir=/Users/mac/Library/Application Support/DingTalk --supports-dual-gpus=true --gpu-driver-bug-workarounds=16,30,35,48,49,53,61,67,70 --gpu-vendor-id=0x1002 --gpu-device-id=0x6821 --gpu-driver-vendor --gpu-driver-version --user-data-dir=/Users/mac/Library/Application Support/DingTalk
mac              82764   0.0  0.0  2489732   2996   ??  S     7:32PM   0:00.02 /Applications/钉钉.app/Contents/Versions/50.0.2661.102/nwjs Framework.framework/Helpers/crashpad_handler --database=/Users/mac/Library/Application Support/DingTalk/Crashpad --url=none --annotation=plat=OS X --annotation=prod=Chromium_Mac --annotation=ver=50.0.2661.102 --handshake-fd=7
mac              82762   0.0  0.4  3123292  72988   ??  S     7:32PM   0:05.21 /Applications/钉钉.app/Contents/MacOS/nwjs
mac              82668   0.0  0.2  2739312  33036   ??  S     7:28PM   0:01.66 2BUA8C4S2C.com.agilebits.onepassword4-helper
mac              82663   0.0  0.0  2541420   4788   ??  S     7:28PM   0:00.09 /System/Library/CoreServices/cloudpaird
mac              82607   0.0  0.0  3561068   6352   ??  Ss    7:23PM   0:00.27 /System/Library/Frameworks/WebKit.framework/Versions/A/XPCServices/com.apple.WebKit.Databases.xpc/Contents/MacOS/com.apple.WebKit.Databases
mac              82435   0.0  0.1  2517716  13832   ??  Ss    7:05PM   0:00.04 /System/Library/Frameworks/Metal.framework/Versions/A/XPCServices/MTLCompilerService.xpc/Contents/MacOS/MTLCompilerService
mac              82434   0.0  0.1  2601604  14060   ??  S     7:05PM   0:00.67 /System/Library/CoreServices/OSDUIHelper.app/Contents/MacOS/OSDUIHelper
mac              81959   0.0  0.0  2507128   3664   ??  S     6:09PM   0:00.03 /System/Library/PrivateFrameworks/CommerceKit.framework/Versions/A/Resources/maspushagent
mac              81944   0.0  0.1  2567324   9228   ??  S     6:09PM   0:00.83 /System/Library/PrivateFrameworks/CommerceKit.framework/Versions/A/Resources/storeuid.app/Contents/MacOS/storeuid
mac              81915   0.0  0.1  2559516  21180   ??  S     6:08PM   0:01.10 /System/Library/PrivateFrameworks/PhotoAnalysis.framework/Versions/A/Support/photoanalysisd
mac              81665   0.0  0.1  2575060  20968   ??  Ss    5:52PM   0:00.09 /System/Library/Frameworks/Metal.framework/Versions/A/XPCServices/MTLCompilerService.xpc/Contents/MacOS/MTLCompilerService
root             81623   0.0  0.0  2484352   2832   ??  Ss    5:49PM   0:00.04 /Library/CoreMediaIO/Plug-Ins/DAL/AppleCamera.plugin/Contents/Resources/AppleCameraAssistant
mac              81622   0.0  0.0  2542768   7572   ??  S     5:49PM   0:00.10 /System/Library/PrivateFrameworks/AssetCacheServices.framework/XPCServices/AssetCacheLocatorService.xpc/Contents/MacOS/AssetCacheLocatorService -a
mac              81583   0.0  0.0  2506840   3008   ??  Ss    5:48PM   0:00.01 /System/Library/Frameworks/AudioToolbox.framework/XPCServices/com.apple.audio.SandboxHelper.xpc/Contents/MacOS/com.apple.audio.SandboxHelper
mac              81553   0.0  0.0  2540320   4180   ??  S     5:47PM   0:00.02 /System/Library/PrivateFrameworks/CoreFollowUp.framework/Versions/A/Support/followupd
mac              81538   0.0  0.1  2519764   8748   ??  Ss    5:47PM   0:00.11 /Library/Frameworks/iTunesLibrary.framework/Versions/A/XPCServices/com.apple.iTunesLibraryService.xpc/Contents/MacOS/com.apple.iTunesLibraryService
mac              81520   0.0  2.3  4310572 389552   ??  Ss    5:46PM   1:17.78 /System/Library/Frameworks/WebKit.framework/Versions/A/XPCServices/com.apple.WebKit.WebContent.xpc/Contents/MacOS/com.apple.WebKit.WebContent
mac              81511   0.0  0.1  2646784  13000   ??  S     5:46PM   0:00.98 /System/Library/PrivateFrameworks/CoreSuggestions.framework/Versions/A/Support/suggestd
mac              81505   0.0  0.2  2638376  32396   ??  S     5:46PM   0:00.74 /System/Library/Services/AppleSpell.service/Contents/MacOS/AppleSpell
mac              81439   0.0  0.1  2542988  11584   ??  Ss    5:45PM   0:00.99 /System/Library/PrivateFrameworks/SafariShared.framework/Versions/A/XPCServices/com.apple.Safari.SearchHelper.xpc/Contents/MacOS/com.apple.Safari.SearchHelper
_spotlight       81421   0.0  0.0  2522656   7176   ??  S     5:44PM   0:00.07 /System/Library/Frameworks/CoreServices.framework/Frameworks/Metadata.framework/Versions/A/Support/mdworker -s mdworker -c MDSImporterWorker -m com.apple.mdworker.shared
mac              81408   0.0  0.0  2541552   7608   ??  Ss    5:44PM   0:00.12 /System/Library/PrivateFrameworks/SafariShared.framework/Versions/A/XPCServices/com.apple.Safari.ImageDecoder.xpc/Contents/MacOS/com.apple.Safari.ImageDecoder
mac              81394   0.0  0.1  2565652   9992   ??  S     5:44PM   0:00.91 /System/Library/PrivateFrameworks/CommerceKit.framework/Resources/LaterAgent.app/Contents/MacOS/LaterAgent
mac              81391   0.0  0.0  2515964   4788   ??  S     5:44PM   0:00.03 /System/Library/CoreServices/Software Update.app/Contents/Resources/softwareupdate_notify_agent
mac              81389   0.0  0.1  2542344   9816   ??  Ss    5:44PM   0:00.42 /System/Library/PrivateFrameworks/IMFoundation.framework/XPCServices/IMRemoteURLConnectionAgent.xpc/Contents/MacOS/IMRemoteURLConnectionAgent
mac              81387   0.0  0.0  2506408   2044   ??  Ss    5:44PM   0:00.02 /System/Library/PrivateFrameworks/IMFoundation.framework/XPCServices/IMRemoteURLConnectionAgent.xpc/Contents/MacOS/IMRemoteURLConnectionAgent
mac              81382   0.0  0.1  2542292  14456   ??  Ss    5:44PM   0:00.05 /System/Library/Frameworks/Metal.framework/Versions/A/XPCServices/MTLCompilerService.xpc/Contents/MacOS/MTLCompilerService
mac              81376   0.0  0.1  2542020  17056   ??  Ss    5:44PM   0:00.27 /System/Library/PrivateFrameworks/PhotoLibraryPrivate.framework/Versions/A/Frameworks/PhotoLibraryServices.framework/Versions/A/XPCServices/com.apple.photomoments.xpc/Contents/MacOS/com.apple.photomoments
mac              81374   0.0  0.0  2542368   6532   ??  Ss    5:44PM   0:00.12 /System/Library/PrivateFrameworks/WeatherKit.framework/Versions/A/XPCServices/com.apple.WeatherKitService.xpc/Contents/MacOS/com.apple.WeatherKitService
mac              81373   0.0  0.0  2506596   3684   ??  Ss    5:44PM   0:00.03 /System/Library/CoreServices/NotificationCenter.app/Contents/XPCServices/com.apple.notificationcenterui.WeatherSummary.xpc/Contents/MacOS/com.apple.notificationcenterui.WeatherSummary
mac              81370   0.0  0.1  2550484  14612   ??  Ss    5:44PM   0:00.06 /System/Library/Frameworks/Metal.framework/Versions/A/XPCServices/MTLCompilerService.xpc/Contents/MacOS/MTLCompilerService
mac              81369   0.0  0.0  2506840   3044   ??  Ss    5:44PM   0:00.02 /System/Library/Frameworks/AudioToolbox.framework/XPCServices/com.apple.audio.SandboxHelper.xpc/Contents/MacOS/com.apple.audio.SandboxHelper
mac              81368   0.0  0.1  2519764   8548   ??  Ss    5:44PM   0:00.12 /Library/Frameworks/iTunesLibrary.framework/Versions/A/XPCServices/com.apple.iTunesLibraryService.xpc/Contents/MacOS/com.apple.iTunesLibraryService
mac              81367   0.0  0.1  2631420  25024   ??  S     5:44PM   0:01.84 /Applications/Jietu.app/Contents/MacOS/Jietu
mac              81363   0.0  0.0  2544752   6476   ??  S     5:44PM   0:00.07 /System/Library/PrivateFrameworks/CallHistory.framework/Support/CallHistorySyncHelper
mac              81361   0.0  0.1  2558676  14852   ??  Ss    5:44PM   0:00.08 /System/Library/Frameworks/Metal.framework/Versions/A/XPCServices/MTLCompilerService.xpc/Contents/MacOS/MTLCompilerService
mac              81358   0.0  0.0  2541944   8356   ??  S     5:44PM   0:00.25 /System/Library/CoreServices/mapspushd
mac              81357   0.0  0.1  2681168  15408   ??  S     5:44PM   0:00.99 /System/Library/CoreServices/Menu Extras/TextInput.menu/Contents/SharedSupport/TISwitcher.app/Contents/MacOS/TISwitcher
mac              81355   0.0  0.6  2836324  96576   ??  S     5:44PM   0:07.09 /Applications/Alfred 3.app/Contents/MacOS/Alfred 3
mac              81349   0.0  0.0  2563464   7068   ??  S     5:44PM   0:01.16 /System/Library/CoreServices/WiFiAgent.app/Contents/MacOS/WiFiAgent
mac              81348   0.0  0.3  2699172  45516   ??  S     5:44PM   1:01.09 /Library/Application Support/iStat Menus 5/iStat Menus Status.app/Contents/MacOS/iStat Menus Status
mac              81346   0.0  0.1  2567576   9356   ??  S     5:44PM   0:01.07 /System/Library/PrivateFrameworks/Noticeboard.framework/Versions/A/Resources/nbagent.app/Contents/MacOS/nbagent
mac              81344   0.0  0.1  2562576   8528   ??  S     5:44PM   0:01.17 /System/Library/CoreServices/AirPlayUIAgent.app/Contents/MacOS/AirPlayUIAgent --launchd
mac              81343   0.0  0.0  2540228   4012   ??  S     5:44PM   0:00.04 /System/Library/PrivateFrameworks/AskPermission.framework/Versions/A/Resources/askpermissiond
mac              81340   0.0  0.1  2547888  11844   ??  S     5:44PM   0:00.30 /System/Library/CoreServices/AppleIDAuthAgent
mac              81338   0.0  0.0  2541272   8028   ??  S     5:44PM   0:00.17 /System/Library/Image Capture/Support/icdd
mac              81335   0.0  0.1  2567040  10224   ??  S     5:44PM   0:01.89 /System/Library/CoreServices/Siri.app/Contents/MacOS/Siri launchd
mac              81334   0.0  0.3  2794392  54644   ??  S     5:44PM   0:04.91 /System/Library/CoreServices/NotificationCenter.app/Contents/MacOS/NotificationCenter
mac              81331   0.0  0.0  2540208   2272   ??  S     5:44PM   0:00.04 /System/Library/CoreServices/SocialPushAgent.app/Contents/MacOS/SocialPushAgent
mac              81330   0.0  0.1   719920   8992   ??  S     5:44PM   0:01.79 /Library/Input Methods/SogouInput.app/Contents/SogouServices
mac              81328   0.0  0.0  2515692   2920   ??  S     5:44PM   0:00.02 /usr/libexec/spindump_agent
mac              81302   0.0  0.0  2514828   2908   ??  Ss    5:44PM   0:00.03 /Applications/Xcode.app/Contents/SharedFrameworks/DVTSourceControl.framework/Versions/A/XPCServices/com.apple.dt.Xcode.sourcecontrol.WorkingCopyScanner.xpc/Contents/MacOS/com.apple.dt.Xcode.sourcecontrol.WorkingCopyScanner
mac              81299   0.0  0.0  2514584   3044   ??  S     5:44PM   0:00.05 /System/Library/PrivateFrameworks/MediaRemote.framework/Support/mediaremoteagent
mac              81296   0.0  0.8  2783360 135004   ??  Ss    5:44PM   4:26.02 /Applications/Xcode.app/Contents/SharedFrameworks/SourceKit.framework/Versions/A/XPCServices/com.apple.dt.SourceKitService.xpc/Contents/MacOS/com.apple.dt.SourceKitService
mac              81295   0.0  0.1  2551356  20132   ??  S     5:43PM   0:00.91 /System/Library/PrivateFrameworks/AuthKit.framework/Versions/A/Support/akd
mac              81294   0.0  0.0  2540316   3824   ??  Ss    5:43PM   0:00.03 /Applications/Xcode.app/Contents/PlugIns/XCDocumenterExtension.appex/Contents/MacOS/XCDocumenterExtension
mac              81293   0.0  0.0  2548464   6084   ??  Ss    5:43PM   0:00.04 /Applications/Xcode.app/Contents/PlugIns/XcodeBuiltInExtensions.appex/Contents/MacOS/XcodeBuiltInExtensions
mac              81291   0.0  0.1  2545284   8444   ??  S     5:43PM   0:00.04 /Applications/Xcode.app/Contents/SharedFrameworks/GPUTools.framework/Resources/GPUToolsAgent.app/Contents/MacOS/GPUToolsAgent
mac              81288   0.0  0.1  2555604  17464   ??  Ss    5:43PM   0:00.07 /System/Library/Frameworks/Metal.framework/Versions/A/XPCServices/MTLCompilerService.xpc/Contents/MacOS/MTLCompilerService
mac              81284   0.0  0.0  2516572   3932   ??  Ss    5:43PM   0:00.03 /Applications/Xcode.app/Contents/SharedFrameworks/DVTSourceControl.framework/Versions/A/XPCServices/com.apple.dt.Xcode.sourcecontrol.SSHHelper.xpc/Contents/MacOS/com.apple.dt.Xcode.sourcecontrol.SSHHelper
mac              81277   0.0  0.0  2518796   5676   ??  Ss    5:43PM   0:00.05 /System/Library/PrivateFrameworks/CommerceKit.framework/Versions/A/XPCServices/com.apple.CommerceKit.TransactionService.xpc/Contents/MacOS/com.apple.CommerceKit.TransactionService
mac              81276   0.0  0.1  2551188  16268   ??  S     5:43PM   0:01.32 /System/Library/PrivateFrameworks/PhotoLibraryPrivate.framework/Versions/A/Support/photolibraryd
mac              81275   0.0  0.2  2571288  27472   ??  Ss    5:43PM   0:00.59 /System/Library/PrivateFrameworks/CommerceKit.framework/Versions/A/XPCServices/com.apple.CommerceKit.TransactionService.xpc/Contents/MacOS/com.apple.CommerceKit.TransactionService
mac              81271   0.0  0.1  2541180   8972   ??  Ss    5:43PM   0:00.35 /System/Library/PrivateFrameworks/CoreWLANKit.framework/Versions/A/XPCServices/WiFiProxy.xpc/Contents/MacOS/WiFiProxy
mac              81268   0.0  0.0  2560472   7336   ??  S     5:43PM   0:00.21 /System/Library/CoreServices/pbs
mac              81267   0.0  0.0  2559768   5204   ??  S     5:43PM   0:02.05 /System/Library/PrivateFrameworks/SafariSafeBrowsing.framework/com.apple.Safari.SafeBrowsing.Service
mac              81266   0.0  0.1  2565520  11332   ??  Ss    5:43PM   0:01.40 /System/Library/Input Methods/PressAndHold.app/Contents/PlugIns/PAH_Extension.appex/Contents/MacOS/PAH_Extension
mac              81265   0.0  0.1  2550484  14520   ??  Ss    5:43PM   0:00.07 /System/Library/Frameworks/Metal.framework/Versions/A/XPCServices/MTLCompilerService.xpc/Contents/MacOS/MTLCompilerService
mac              81264   0.0  0.6  1061824 104640   ??  S     5:43PM   0:37.96 /Library/Input Methods/SogouInput.app/Contents/MacOS/SogouInput
mac              81263   0.0  0.1  2559696   9752   ??  S     5:43PM   0:00.91 /System/Library/Frameworks/InputMethodKit.framework/Resources/imklaunchagent
mac              81260   0.0  0.1  2573012  18992   ??  Ss    5:43PM   0:00.11 /System/Library/Frameworks/Metal.framework/Versions/A/XPCServices/MTLCompilerService.xpc/Contents/MacOS/MTLCompilerService
mac              81259   0.0  0.3  2776756  43904   ??  S     5:43PM   0:01.96 /System/Library/CoreServices/Spotlight.app/Contents/MacOS/Spotlight
mac              81256   0.0  0.3  3673332  58500   ??  Ss    5:43PM   0:46.68 /System/Library/Frameworks/WebKit.framework/Versions/A/XPCServices/com.apple.WebKit.Networking.xpc/Contents/MacOS/com.apple.WebKit.Networking
mac              81255   0.0  0.4  2584784  59024   ??  Ss    5:43PM   0:06.91 /System/Library/PrivateFrameworks/CalendarNotification.framework/Versions/A/XPCServices/CalNCService.xpc/Contents/MacOS/CalNCService
mac              81254   0.0  0.1  2560724  17384   ??  Ss    5:43PM   0:00.12 /System/Library/Frameworks/Metal.framework/Versions/A/XPCServices/MTLCompilerService.xpc/Contents/MacOS/MTLCompilerService
mac              81252   0.0  0.0  2541744   7820   ??  S     5:43PM   0:00.08 /System/Library/PrivateFrameworks/CommerceKit.framework/Versions/A/Resources/storeinappd
mac              81251   0.0  0.0  2545140   6824   ??  S     5:43PM   0:00.09 /System/Library/PrivateFrameworks/CallHistory.framework/Support/CallHistoryPluginHelper
mac              81250   0.0  0.1  2556988  16772   ??  S     5:43PM   0:00.43 /System/Library/PrivateFrameworks/MessagesKit.framework/Resources/soagent.app/Contents/MacOS/soagent
mac              81249   0.0  0.1  2575804  25040   ??  S     5:43PM   0:04.21 /System/Library/PrivateFrameworks/CloudKitDaemon.framework/Support/cloudd
mac              81248   0.0  0.0  2541932   6460   ??  S     5:43PM   0:00.18 /System/Library/CoreServices/ScopedBookmarkAgent
mac              81247   0.0  0.0  2516528   4036   ??  S     5:43PM   0:00.03 /System/Library/Frameworks/CryptoTokenKit.framework/ctkd -tw
mac              81245   0.0  0.0  2532480   3448   ??  Ss    5:43PM   0:00.03 /Applications/SnailSVNLite.app/Contents/PlugIns/SnailSVNFreeExtension.appex/Contents/XPCServices/SnailSVNFreeCache.xpc/Contents/MacOS/SnailSVNFreeCache
mac              81244   0.0  0.1  2646100  18880   ??  Ss    5:43PM   0:01.10 /System/Library/CoreServices/Dock.app/Contents/XPCServices/com.apple.dock.extra.xpc/Contents/MacOS/com.apple.dock.extra
mac              81243   0.0  0.0  2540656   3204   ??  Ss    5:43PM   0:00.02 /Applications/SnailGitFree.app/Contents/PlugIns/SnailGitFreeExtension.appex/Contents/XPCServices/SnailGitFreeCache.xpc/Contents/MacOS/SnailGitFreeCache
mac              81241   0.0  0.0  2540724   4544   ??  S     5:43PM   0:00.04 /System/Library/Frameworks/LocalAuthentication.framework/Support/coreauthd
mac              81240   0.0  0.0  2514860   2964   ??  S     5:43PM   0:00.02 /System/Library/Frameworks/CryptoTokenKit.framework/ctkahp.bundle/Contents/MacOS/ctkahp
mac              81238   0.0  0.1  2540648   8844   ??  S     5:43PM   0:00.37 /usr/libexec/videosubscriptionsd
mac              81236   0.0  0.1  2569388  16680   ??  Ss    5:43PM   0:01.14 /Applications/SnailGitFree.app/Contents/PlugIns/SnailGitFreeExtension.appex/Contents/MacOS/SnailGitFreeExtension
mac              81235   0.0  0.1  2558388   9300   ??  Ss    5:43PM   0:01.07 /Applications/BetterZip.app/Contents/PlugIns/FinderSyncExtension.appex/Contents/MacOS/FinderSyncExtension
mac              81234   0.0  0.1  2569656  16936   ??  Ss    5:43PM   0:01.15 /Applications/SnailSVNLite.app/Contents/PlugIns/SnailSVNFreeExtension.appex/Contents/MacOS/SnailSVNFreeExtension
mac              81233   0.0  0.2  2577832  27772   ??  Ss    5:43PM   0:01.16 /Applications/Utilities/Adobe Creative Cloud/CoreSync/Core Sync.app/Contents/PlugIns/ACCFinderSync.appex/Contents/MacOS/ACCFinderSync
mac              81227   0.0  0.1  2544180  10144   ??  S     5:43PM   0:00.32 /usr/libexec/networkserviceproxy
mac              81209   0.0  0.0  2540696   3728   ??  S     5:43PM   0:00.08 /System/Library/PrivateFrameworks/QuickLookThumbnailing.framework/Support/com.apple.quicklook.ThumbnailsAgent
mac              81207   0.0  0.1  2572108  24524   ??  S     5:43PM   0:01.34 /System/Library/CoreServices/cloudphotosd.app/Contents/MacOS/cloudphotosd
mac              81205   0.0  0.1  2574432  11624   ??  S     5:43PM   0:05.17 /System/Library/Frameworks/ApplicationServices.framework/Frameworks/ATS.framework/Support/fontd
mac              81202   0.0  0.1  2564040  17960   ??  S     5:43PM   0:02.48 /System/Library/PrivateFrameworks/CloudDocsDaemon.framework/Versions/A/Support/bird
mac              81201   0.0  0.0  2523904   5068   ??  S     5:43PM   0:00.07 /usr/libexec/pboard
mac              81198   0.0  0.7  3990572 115708   ??  R     5:43PM   0:25.75 /System/Library/CoreServices/Finder.app/Contents/MacOS/Finder
mac              81195   0.0  1.4  2945524 233836   ??  S     5:43PM   0:29.69 /System/Library/CoreServices/Dock.app/Contents/MacOS/Dock
mac              81194   0.0  0.4  2792148  70180   ??  S     5:43PM   0:38.42 /Applications/Utilities/Activity Monitor.app/Contents/MacOS/Activity Monitor -psn_0_10365410
mac              81193   0.0  0.0  2432272     20   ??  T     5:43PM   0:00.00 /Applications/Tower.app/Contents/MacOS/Tower -psn_0_10361313
mac              81191   0.0  0.1  2542564   8872   ??  S     5:43PM   0:00.23 /System/Library/PrivateFrameworks/IMCore.framework/imagent.app/Contents/MacOS/imagent
mac              81190   0.0  2.1  4662796 351864   ??  S     5:43PM   0:33.12 /Applications/YoMail.app/Contents/MacOS/YoMail -psn_0_10357216
mac              81189   0.0  0.2  2557296  25552   ??  S     5:43PM   0:01.03 /System/Library/PrivateFrameworks/IDS.framework/identityservicesd.app/Contents/MacOS/identityservicesd
mac              81188   0.0  0.2  2572900  36236   ??  S     5:43PM   0:04.19 /System/Library/Frameworks/Accounts.framework/Versions/A/Support/accountsd
mac              81186   0.0  0.9  3532644 145288   ??  S     5:43PM   0:04.67 /Applications/Microsoft Word.app/Contents/MacOS/Microsoft Word -psn_0_10349022
mac              81184   0.0  0.1  2549700  22344   ??  S     5:43PM   0:00.87 /System/Library/PrivateFrameworks/TelephonyUtilities.framework/callservicesd
mac              81183   0.0  2.8  4487612 473964   ??  S     5:43PM   1:49.65 /Applications/Xcode.app/Contents/MacOS/Xcode -psn_0_10340828
mac              81180   0.0  1.7  4991644 284408   ??  S     5:43PM   2:29.00 /Applications/Safari.app/Contents/MacOS/Safari -psn_0_10336731
mac              81175   0.0  0.2  2564616  25500   ??  S     5:43PM   0:01.35 /System/Library/Frameworks/CoreTelephony.framework/Support/CommCenter -L
root             81133   0.0  0.0  2541128   4748   ??  Ss    5:43PM   0:05.66 /System/Library/PrivateFrameworks/AmbientDisplay.framework/Versions/A/XPCServices/com.apple.AmbientDisplayAgent.xpc/Contents/MacOS/com.apple.AmbientDisplayAgent
mac              81128   0.0  0.4  2784096  61200   ??  Ss    5:43PM   0:06.82 /System/Library/CoreServices/loginwindow.app/Contents/MacOS/loginwindow console
root             63088   0.0  0.1  2500792   9492   ??  Ss   11:09AM   0:00.21 /usr/libexec/syspolicyd
mac              61415   0.0  0.1  2537116  10484   ??  Ss   11:00AM   0:00.08 /System/Library/Frameworks/Metal.framework/Versions/A/XPCServices/MTLCompilerService.xpc/Contents/MacOS/MTLCompilerService
mac              59867   0.0  0.2  2588792  27612   ??  S    10:54AM   0:00.55 /System/Library/PrivateFrameworks/BookKit.framework/Versions/A/XPCServices/com.apple.BKAgentService.xpc/Contents/MacOS/com.apple.BKAgentService
_softwareupdate  56355   0.0  0.0  2542028    980   ??  Ss    7:06AM   0:01.39 /System/Library/CoreServices/Software Update.app/Contents/Resources/softwareupdate_download_service
mac              38176   0.0  0.0  2556788    248   ??  S    Wed04PM   0:00.36 /System/Library/Frameworks/AppKit.framework/Versions/C/XPCServices/SandboxedServiceRunner.xpc/Contents/MacOS/SandboxedServiceRunner
root             37374   0.0  0.0  2473008     28   ??  SNs  Wed03PM   0:00.01 /usr/libexec/periodic-wrapper weekly
root             80450   0.0  0.0  2514596     44   ??  Ss   Mon11PM   0:00.40 /usr/libexec/rtcreportingd
mac              75043   0.0  0.0  2540464   1668   ??  S    Mon07PM   0:01.02 /System/Library/Frameworks/CoreServices.framework/Versions/A/Frameworks/DictionaryServices.framework/Versions/A/XPCServices/com.apple.DictionaryServiceHelper.xpc/Contents/MacOS/com.apple.DictionaryServiceHelper
root             45409   0.0  0.0  2432792     32   ??  S    Mon12AM   0:00.00 /Library/Filesystems/fusefs_txantfs.fs/Contents/Resources/Support/10.5/tuxera_ntfs_daemon -f
_spotlight       37420   0.0  0.0  2542180    520   ??  S    Sun08PM   0:01.07 /System/Library/Frameworks/CoreServices.framework/Frameworks/Metadata.framework/Versions/A/Support/mdworker -s mdworker-sizing -c MDSSizingWorker -m com.apple.mdworker.sizing
root             30022   0.0  0.0  2531808    744   ??  Ss   Sun09AM   0:01.16 /System/Library/Frameworks/CoreMediaIO.framework/Versions/A/XPCServices/com.apple.cmio.registerassistantservice.xpc/Contents/MacOS/com.apple.cmio.registerassistantservice
mac              30018   0.0  0.0  2514820    328   ??  S    Sun09AM   0:00.66 /System/Library/PrivateFrameworks/StoreXPCServices.framework/Versions/A/XPCServices/com.apple.appstore.PluginXPCService.xpc/Contents/MacOS/com.apple.appstore.PluginXPCService
mac              22316   0.0  0.0  2557068    860   ??  S    Sat04PM   0:02.82 /System/Library/Frameworks/ApplicationServices.framework/Frameworks/SpeechSynthesis.framework/Resources/com.apple.speech.speechsynthesisd
mac              12032   0.0  0.0  2515112   1352   ??  S    Sat02PM   0:02.26 /System/Library/Frameworks/MediaAccessibility.framework/Versions/A/XPCServices/com.apple.accessibility.mediaaccessibilityd.xpc/Contents/MacOS/com.apple.accessibility.mediaaccessibilityd
root             11698   0.0  0.0  2474032     28   ??  SNs  Sat02PM   0:00.01 /usr/libexec/periodic-wrapper daily
root              5730   0.0  0.0  3618004   4328   ??  S    Sat11AM   0:43.50 /System/Library/PrivateFrameworks/GeoServices.framework/Versions/A/XPCServices/com.apple.geod.xpc/Contents/MacOS/com.apple.geod
mac               4288   0.0  0.0  2542632    524   ??  S    Sat10AM   0:02.42 /System/Library/Frameworks/CoreServices.framework/Frameworks/Metadata.framework/Versions/A/Support/mdworker -s mdworker-sizing -c MDSSizingWorker -m com.apple.mdworker.sizing
mac                663   0.0  0.0  2543612   7168   ??  S    Sat10AM   0:12.73 /Applications/Xcode.app/Contents/Developer/Library/PrivateFrameworks/CoreSimulator.framework/Versions/A/XPCServices/com.apple.CoreSimulator.CoreSimulatorService.xpc/Contents/MacOS/com.apple.CoreSimulator.CoreSimulatorService
root               590   0.0  0.0  2514952    180   ??  Ss   Sat10AM   0:00.82 /System/Library/Frameworks/AudioToolbox.framework/XPCServices/com.apple.audio.SandboxHelper.xpc/Contents/MacOS/com.apple.audio.SandboxHelper
mac                550   0.0  0.0  2514800   2284   ??  S    Sat10AM   0:07.89 /System/Library/Frameworks/ApplicationServices.framework/Versions/A/Frameworks/HIServices.framework/Versions/A/XPCServices/com.apple.hiservices-xpcservice.xpc/Contents/MacOS/com.apple.hiservices-xpcservice
_spotlight         517   0.0  0.0  2514516   1068   ??  S    Sat10AM   0:07.83 /usr/sbin/distnoted agent
_spotlight         510   0.0  0.0  2543196   2328   ??  S    Sat10AM   0:27.99 /usr/libexec/trustd --agent
root               505   0.0  0.0  2466764    248   ??  S    Sat10AM   0:00.04 /System/Library/Frameworks/CoreServices.framework/Frameworks/Metadata.framework/Versions/A/Support/mdflagwriter
mac                503   0.0  0.0  3618556   2200   ??  S    Sat10AM   0:35.87 /System/Library/PrivateFrameworks/CloudServices.framework/Versions/A/XPCServices/com.apple.sbd.xpc/Contents/MacOS/com.apple.sbd
mac                500   0.0  0.0  2466764    252   ??  S    Sat10AM   0:14.47 /System/Library/Frameworks/CoreServices.framework/Frameworks/Metadata.framework/Versions/A/Support/mdflagwriter
root               496   0.0  0.0  2547552   4464   ??  Ss   Sat10AM   0:02.06 /System/Library/PrivateFrameworks/SoftwareUpdate.framework/Resources/suhelperd
_softwareupdate    495   0.0  6.9  4871068 1149380   ??  Ss   Sat10AM   3:18.55 /System/Library/CoreServices/Software Update.app/Contents/Resources/softwareupdated
_assetcache        427   0.0  0.0  3612092   1020   ??  Ss   Sat10AM   0:28.62 /System/Library/PrivateFrameworks/AssetCacheServices.framework/XPCServices/AssetCacheLocatorService.xpc/Contents/MacOS/AssetCacheLocatorService -d
mac                373   0.0  0.1  3625028   9748   ??  S    Sat10AM   1:10.65 /System/Library/PrivateFrameworks/GeoServices.framework/Versions/A/XPCServices/com.apple.geod.xpc/Contents/MacOS/com.apple.geod
root               368   0.0  0.5  2619108  89932   ??  Ss   Sat10AM   0:42.31 /usr/sbin/spindump
mac                365   0.0  0.0  2540696   2656   ??  S    Sat10AM   0:02.25 /System/Library/PrivateFrameworks/CloudPhotoServices.framework/Versions/A/Frameworks/CloudPhotosConfigurationXPC.framework/Versions/A/XPCServices/com.apple.CloudPhotosConfiguration.xpc/Contents/MacOS/com.apple.CloudPhotosConfiguration
root               338   0.0  0.0  2515500   1704   ??  Ss   Sat10AM   0:01.81 /System/Library/CoreServices/backupd.bundle/Contents/Resources/TMCacheDelete
mac                331   0.0  0.1  2561644  11432   ??  S    Sat10AM   0:31.43 /usr/libexec/pkd
mac                316   0.0  0.0  2540852   3052   ??  S    Sat10AM   0:07.52 /System/Library/PrivateFrameworks/IMDPersistence.framework/XPCServices/IMDPersistenceAgent.xpc/Contents/MacOS/IMDPersistenceAgent
mac                290   0.0  0.1  2527532  13560   ??  S    Sat10AM   1:54.58 /usr/sbin/cfprefsd agent
root               281   0.0  0.0  2515304    908   ??  Ss   Sat10AM   0:01.26 /System/Library/Frameworks/GSS.framework/Helpers/com.apple.GSSCred
_captiveagent      276   0.0  0.0  3611944   2388   ??  Ss   Sat10AM   0:22.81 /usr/libexec/captiveagent
root               267   0.0  0.0  2540628   2248   ??  Ss   Sat10AM   0:02.46 /System/Library/Frameworks/LocalAuthentication.framework/Support/coreauthd
root               265   0.0  0.0  2515040   1260   ??  Ss   Sat10AM   0:00.96 /System/Library/PrivateFrameworks/AccountPolicy.framework/XPCServices/com.apple.AccountPolicyHelper.xpc/Contents/MacOS/com.apple.AccountPolicyHelper
root               260   0.0  0.0  2543460   4220   ??  Ss   Sat10AM   2:24.23 /System/Library/PrivateFrameworks/PerformanceAnalysis.framework/Versions/A/XPCServices/com.apple.PerformanceAnalysis.animationperfd.xpc/Contents/MacOS/com.apple.PerformanceAnalysis.animationperfd
root               253   0.0  0.0  2514860   1184   ??  Ss   Sat10AM   0:00.09 /System/Library/Frameworks/CryptoTokenKit.framework/ctkahp.bundle/Contents/MacOS/ctkahp -d
root               237   0.0  0.0  2517648   3644   ??  Ss   Sat10AM   0:03.07 /System/Library/Frameworks/Security.framework/Versions/A/XPCServices/com.apple.CodeSigningHelper.xpc/Contents/MacOS/com.apple.CodeSigningHelper
root               232   0.0  0.0  2558392    708   ??  Ss   Sat10AM   0:01.42 /System/Library/Frameworks/OpenGL.framework/Versions/A/Libraries/CVMServer
_networkd          231   0.0  0.0  2556268   6224   ??  Ss   Sat10AM   1:35.71 /usr/libexec/symptomsd
root               228   0.0  0.0  2541572   1520   ??  Ss   Sat10AM   0:02.11 /System/Library/Frameworks/CoreMediaIO.framework/Resources/VDC.plugin/Contents/Resources/VDCAssistant
root               227   0.0  0.0  2506524    532   ??  Ss   Sat10AM   0:00.56 /System/Library/CryptoTokenKit/com.apple.ifdreader.slotd/Contents/MacOS/com.apple.ifdreader
root               221   0.0  0.0  2552912   3736   ??  Ss   Sat10AM   0:04.14 /usr/libexec/nehelper
root               220   0.0  0.0  2518096   1084   ??  Ss   Sat10AM   0:15.71 /usr/sbin/ntpd -c /private/etc/ntp-restrict.conf -n -g -p /var/run/ntpd.pid -f /var/db/ntp.drift
_nsurlsessiond     219   0.0  0.0  3612408   5092   ??  Ss   Sat10AM   0:37.10 /usr/libexec/nsurlsessiond --privileged
root               215   0.0  0.0  2545076    880   ??  Ss   Sat10AM   0:07.79 /System/Library/PrivateFrameworks/AuthKit.framework/Versions/A/Support/akd
_coreaudiod        202   0.0  0.0  2540372    568   ??  Ss   Sat10AM   0:27.04 /System/Library/Frameworks/CoreAudio.framework/Versions/A/XPCServices/com.apple.audio.DriverHelper.xpc/Contents/MacOS/com.apple.audio.DriverHelper
root               200   0.0  0.0  2514496   1460   ??  Ss   Sat10AM   0:02.40 /System/Library/CoreServices/CrashReporterSupportHelper server-init
root               198   0.0  0.0  2541048   2148   ??  Ss   Sat10AM   0:08.18 /System/Library/PrivateFrameworks/WirelessDiagnostics.framework/Support/awdd
root               194   0.0  0.0  2515896    192   ??  Ss   Sat10AM   0:00.78 /usr/sbin/systemstats --xpc
root               193   0.0  0.7  3990360 125240   ??  Ss   Sat10AM   6:52.37 /System/Library/Frameworks/CoreServices.framework/Frameworks/Metadata.framework/Versions/A/Support/mds_stores
root               189   0.0  0.0  2541144   1160   ??  Ss   Sat10AM   0:16.49 /usr/sbin/mDNSResponderHelper
_mdnsresponder     183   0.0  0.0  2543748   5344   ??  Ss   Sat10AM   3:38.00 /usr/sbin/mDNSResponder
_ctkd              161   0.0  0.0  2516432    480   ??  Ss   Sat10AM   0:00.79 /System/Library/Frameworks/CryptoTokenKit.framework/ctkd -s
root               157   0.0  0.0  2515236    176   ??  Ss   Sat10AM   0:00.77 /System/Library/Frameworks/PCSC.framework/Versions/A/XPCServices/com.apple.ctkpcscd.xpc/Contents/MacOS/com.apple.ctkpcscd
root               148   0.0  0.0  2543160   6144   ??  Ss   Sat10AM   0:12.57 /System/Library/Frameworks/Security.framework/Versions/A/XPCServices/authd.xpc/Contents/MacOS/authd
root               123   0.0  0.0  2515048   6556   ??  Ss   Sat10AM   2:19.88 /usr/sbin/cfprefsd daemon
root               116   0.0  0.0  2541824   2932   ??  Ss   Sat10AM   0:06.29 /usr/libexec/AirPlayXPCHelper
root               109   0.0  0.1  2561220   8932   ??  Ss   Sat10AM   0:12.44 /System/Library/PrivateFrameworks/GenerationalStorage.framework/Versions/A/Support/revisiond
root               108   0.0  0.0  2542692   1568   ??  Ss   Sat10AM   0:16.91 /Library/Application Support/CleverFiles/BackService.app/Contents/MacOS/cfbackd
_mysql             107   0.0  0.0  2877120   1468   ??  Ss   Sat10AM   1:10.97 /usr/local/mysql/bin/mysqld --user=_mysql --basedir=/usr/local/mysql --datadir=/usr/local/mysql/data --plugin-dir=/usr/local/mysql/lib/plugin --log-error=/usr/local/mysql/data/mysqld.local.err --pid-file=/usr/local/mysql/data/mysqld.local.pid
root               105   0.0  0.0  2542116   1036   ??  Ss   Sat10AM   0:04.86 /System/Library/PrivateFrameworks/Heimdal.framework/Helpers/kdc
_displaypolicyd    101   0.0  0.0  2516884    360   ??  Ss   Sat10AM   0:02.13 /usr/libexec/displaypolicyd -k 1
root                92   0.0  0.0   674980   1704   ??  Ss   Sat10AM   2:58.93 /Library/Application Support/Adobe/Adobe Desktop Common/ElevationManager/AdobeUpdateDaemon
root                91   0.0  0.1  3627772  21128   ??  Ss   Sat10AM   2:42.89 /System/Library/PrivateFrameworks/ApplePushService.framework/apsd
root                89   0.0  0.0  2541292   2672   ??  Ss   Sat10AM   0:09.61 /usr/sbin/wirelessproxd
root                88   0.0  0.1  2574980  16748   ??  Ss   Sat10AM   3:16.38 /usr/libexec/opendirectoryd
root                83   0.0  0.0  2516300     32   ??  Ss   Sat10AM   0:00.03 /usr/libexec/wdhelper
root                82   0.0  0.0  3626712   6312   ??  SNs  Sat10AM   0:09.05 /Library/Application Support/Adobe/AdobeGCClient/AGSService
root                70   0.0  0.4  2808264  68200   ??  Ss   Sat10AM   9:54.55 /System/Library/Frameworks/CoreServices.framework/Frameworks/Metadata.framework/Support/mds
root                67   0.0  0.1  2556592  18440   ??  Ss   Sat10AM   8:08.01 /usr/libexec/airportd
root                57   0.0  0.0  2540128   3012   ??  Ss   Sat10AM   0:56.51 /System/Library/CoreServices/powerd.bundle/powerd
root                56   0.0  0.0  2550156   5704   ??  Ss   Sat10AM   2:39.92 /Library/Application Support/iStat Menus 5/iStatMenusDaemon
_appleevents        54   0.0  0.0  2542924   5324   ??  Ss   Sat10AM   0:30.67 /System/Library/CoreServices/appleeventsd --server
root                51   0.0  0.0  2541560   3856   ??  Ss   Sat10AM   0:08.08 /System/Library/PrivateFrameworks/MediaRemote.framework/Support/mediaremoted
root                49   0.0  0.1  3616864  14336   ??  Ss   Sat10AM   4:29.03 /System/Library/Frameworks/CoreServices.framework/Versions/A/Frameworks/FSEvents.framework/Versions/A/Support/fseventsd
mac              86705   0.0  0.0  2423384    244 s001  R+    8:50PM   0:00.00 grep --color=auto --exclude-dir=.bzr --exclude-dir=CVS --exclude-dir=.git --exclude-dir=.hg --exclude-dir=.svn p
root             86704   0.0  0.0  2444740   1112 s001  R+    8:50PM   0:00.00 ps aux
mac              86275   0.0  0.0  2510844   6236   ??  Ss    8:47PM   0:00.04 /System/Library/PrivateFrameworks/CommerceKit.framework/Versions/A/XPCServices/com.apple.CommerceKit.TransactionService.xpc/Contents/MacOS/com.apple.CommerceKit.TransactionService
mac              86272   0.0  0.4  3888140  63276   ??  Ss    8:47PM   0:04.65 /System/Library/Frameworks/WebKit.framework/Versions/A/XPCServices/com.apple.WebKit.WebContent.xpc/Contents/MacOS/com.apple.WebKit.WebContent
mac              86271   0.0  0.1  3622276  18204   ??  Ss    8:47PM   0:00.19 /System/Library/Frameworks/WebKit.framework/Versions/A/XPCServices/com.apple.WebKit.Networking.xpc/Contents/MacOS/com.apple.WebKit.Networking
mac              86270   0.0  0.4  3888668  62636   ??  Ss    8:47PM   0:04.66 /System/Library/Frameworks/WebKit.framework/Versions/A/XPCServices/com.apple.WebKit.WebContent.xpc/Contents/MacOS/com.apple.WebKit.WebContent
mac              86269   0.0  0.1  3619688  18084   ??  Ss    8:47PM   0:00.19 /System/Library/Frameworks/WebKit.framework/Versions/A/XPCServices/com.apple.WebKit.Networking.xpc/Contents/MacOS/com.apple.WebKit.Networking
mac              86267   0.0  0.2  3828804  40312   ??  Ss    8:47PM   0:00.39 /System/Library/Frameworks/WebKit.framework/Versions/A/XPCServices/com.apple.WebKit.WebContent.xpc/Contents/MacOS/com.apple.WebKit.WebContent
